--------------------------------------------------------------------------------
2025-12-30 12:43:25,116 - frs - INFO - This is your training log file!
--------------------------------------------------------------------------------
--------------------------------------------------------------------------------
2025-12-30 12:43:25,117 - frs - INFO - Environment Information:
--------------------------------------------------------------------------------
Python Version: 3.8.19
Installed Packages:
aeon==0.9.0
aiohttp==3.9.5
aiosignal==1.3.1
albucore==0.0.17
albumentations==1.2.1
annotated-types==0.7.0
anyio==4.3.0
argon2-cffi-bindings==21.2.0
argon2-cffi==23.1.0
arrow==1.3.0
asttokens==2.4.1
async-lru==2.0.4
async-timeout==4.0.3
attrs==23.2.0
axial-positional-embedding==0.2.1
babel==2.15.0
backcall==0.2.0
beautifulsoup4==4.12.3
bleach==6.1.0
blessed==1.21.0
boto3==1.34.90
botocore==1.34.90
brotli==1.1.0
certifi==2024.2.2
cffi==1.16.0
charset-normalizer==3.3.2
click==8.1.7
cloudpickle==3.0.0
comm==0.2.2
contourpy==1.1.1
copulas==0.11.0
croniter==1.3.15
ctgan==0.10.0
cycler==0.12.1
cython==3.1.5
dask==2023.5.0
dateutils==0.6.12
debugpy==1.8.1
decorator==5.1.1
deepdiff==7.0.1
deepecho==0.6.0
defusedxml==0.7.1
deprecated==1.2.18
editor==1.6.6
einops==0.8.0
et-xmlfile==1.1.0
eval-type-backport==0.2.0
exceptiongroup==1.2.1
executing==2.0.1
faker==24.11.0
fastapi==0.88.0
fastjsonschema==2.19.1
filelock==3.16.1
fonttools==4.51.0
fqdn==1.5.1
frozenlist==1.4.1
fsspec==2023.12.2
geographiclib==2.0
geopy==2.4.1
graphviz==0.20.3
h11==0.14.0
httpcore==1.0.5
httpx==0.27.0
huggingface-hub==0.26.2
idna==3.7
imageio==2.34.2
imbalanced-learn==0.12.2
importlib-metadata==7.1.0
importlib-resources==6.4.0
inquirer==3.4.0
ipykernel==6.29.4
ipython==8.12.3
ipywidgets==8.1.2
isoduration==20.11.0
itsdangerous==2.2.0
jedi==0.19.1
jinja2==3.1.3
jmespath==1.0.1
joblib==1.4.0
json-tricks==3.17.3
json5==0.9.25
jsonpointer==2.4
jsonschema-specifications==2023.12.1
jsonschema==4.22.0
jupyter-client==8.6.1
jupyter-console==6.6.3
jupyter-core==5.7.2
jupyter-events==0.10.0
jupyter-lsp==2.2.5
jupyter-server-terminals==0.5.3
jupyter-server==2.14.0
jupyter==1.0.0
jupyterlab-pygments==0.3.0
jupyterlab-server==2.27.1
jupyterlab-widgets==3.0.10
jupyterlab==4.1.8
kiwisolver==1.4.5
lazy-loader==0.4
lightning-cloud==0.5.70
lightning-utilities==0.11.9
lightning==1.9.5
llvmlite==0.41.1
local-attention==1.9.15
locket==1.0.0
markdown-it-py==3.0.0
markupsafe==2.1.5
matplotlib-inline==0.1.7
matplotlib==3.7.5
mdurl==0.1.2
mistune==3.0.2
mkl-fft==1.3.1
mkl-random==1.2.2
mkl-service==2.4.0
mpld3==0.5.10
mpmath==1.3.0
multidict==6.0.5
nbclient==0.10.0
nbconvert==7.16.4
nbformat==5.10.4
nest-asyncio==1.6.0
networkx==3.1
ninja==1.11.1.3
notebook-shim==0.2.4
notebook==7.1.3
numba==0.58.1
numpy==1.24.4
opencv-python-headless==4.10.0.84
openpyxl==3.1.2
ordered-set==4.1.0
outcome==1.3.0.post0
overrides==7.7.0
packaging==24.0
pandas==2.0.3
pandocfilters==1.5.1
parso==0.8.4
partd==1.4.1
pexpect==4.9.0
pickleshare==0.7.5
pillow==9.4.0
pip==24.0
pkgutil-resolve-name==1.3.10
platformdirs==4.2.1
plotly==5.21.0
prometheus-client==0.20.0
prompt-toolkit==3.0.43
protobuf==5.29.5
psutil==5.9.8
ptyprocess==0.7.0
pure-eval==0.2.2
pycocotools==2.0
pycparser==2.22
pydantic-core==2.23.4
pydantic==1.10.22
pygments==2.18.0
pyjwt==2.9.0
pyparsing==3.1.2
pysocks==1.7.1
python-dateutil==2.9.0.post0
python-json-logger==2.0.7
python-multipart==0.0.20
pytorch-wavelets==1.3.0
pytz==2024.1
pywavelets==1.4.1
pyyaml==6.0.1
pyzmq==26.0.3
qtconsole==5.5.2
qtpy==2.4.1
qudida==0.0.4
rdt==1.12.0
readchar==4.2.1
referencing==0.35.1
requests==2.31.0
rfc3339-validator==0.1.4
rfc3986-validator==0.1.1
rich==14.1.0
rpds-py==0.18.1
runs==1.2.2
s3transfer==0.10.1
safetensors==0.4.5
scikit-base==0.7.8
scikit-image==0.19.3
scikit-learn==1.3.2
scipy==1.10.1
sdmetrics==0.14.0
sdv==1.12.1
selenium==4.20.0
send2trash==1.8.3
setuptools==69.5.1
six==1.16.0
sktime==0.29.1
sniffio==1.3.1
sortedcontainers==2.4.0
soupsieve==2.5
stack-data==0.6.3
starlette==0.22.0
starsessions==1.3.0
sympy==1.13.2
tenacity==8.2.3
tensorboardx==2.6.2.2
termcolor==2.4.0
terminado==0.18.1
thop==0.1.1.post2209072238
threadpoolctl==3.4.0
tifffile==2023.7.10
timm==1.0.11
tinycss2==1.3.0
tomli==2.0.1
toolz==1.0.0
torch-geometric==2.5.2
torch-scatter==2.1.2
torch==1.11.0
torchaudio==0.11.0
torchmetrics==1.5.2
torchsummary==1.5.1
torchvision==0.12.0
tornado==6.4
tqdm==4.66.2
traitlets==5.14.3
trio-websocket==0.11.1
trio==0.25.0
types-python-dateutil==2.9.0.20240316
typing-extensions==4.11.0
tzdata==2024.1
uri-template==1.3.0
urllib3==1.26.18
uvicorn==0.33.0
wcwidth==0.2.13
webcolors==1.13
webencodings==0.5.1
websocket-client==1.8.0
websockets==11.0.3
wheel==0.43.0
widgetsnbextension==4.0.10
wrapt==1.17.3
wsproto==1.2.0
xgboost==2.0.3
xmod==1.8.1
yacs==0.1.8
yarl==1.9.4
zipp==3.18.1
--------------------------------------------------------------------------------
2025-12-30 12:43:36,461 - frs - INFO - Dataset Information:
--------------------------------------------------------------------------------
Test Dataset: GraphDataset(
  Path: {'gnss': 'test samples/sampled_wheat_43', 'adj': 'test samples/sampled_wheat_adj', 'json': 'test samples/Non-Identically_Distributed_Coco/sampled_wheat_43_test.json'}
  Mode: predict
  Num_workers: 0
  Max_len: 1000
  Drop_rate: 0
)
--------------------------------------------------------------------------------
2025-12-30 12:43:43,908 - frs - INFO - Model Information:
--------------------------------------------------------------------------------
Model Name: DC_encoder
Model Structure:
vision: GCEM(
  (patch_embed): PatchEmbed(
    (proj): Conv2d(1, 180, kernel_size=(1, 1), stride=(1, 1))
    (norm): Identity()
  )
  (pos_drop): Dropout(p=0.6, inplace=False)
  (blocks): Sequential(
    (0): Block(
      (norm1): LayerNorm((180,), eps=1e-05, elementwise_affine=True)
      (attn): Attention(
        (qkv): Linear(in_features=180, out_features=540, bias=True)
        (attn_drop): Dropout(p=0.6, inplace=False)
        (proj): Linear(in_features=180, out_features=180, bias=True)
        (proj_drop): Dropout(p=0.6, inplace=False)
      )
      (drop_path): Identity()
      (norm2): LayerNorm((180,), eps=1e-05, elementwise_affine=True)
      (mlp): Mlp(
        (fc1): Linear(in_features=180, out_features=720, bias=True)
        (act): GELU()
        (drop1): Dropout(p=0.6, inplace=False)
        (fc2): Linear(in_features=720, out_features=180, bias=True)
        (drop2): Dropout(p=0.6, inplace=False)
      )
    )
  )
  (fc_norm): LayerNorm((180,), eps=1e-05, elementwise_affine=True)
  (head): Linear(in_features=180, out_features=2, bias=True)
)
neck_norm: LayerNorm((180,), eps=1e-05, elementwise_affine=True)
	(180,), eps=1e-05, elementwise_affine=True
graph: LCAM(
  (conv1): SAGEConv(180, 180, aggr=mean)
  (conv2): SAGEConv(180, 180, aggr=mean)
  (drop): Dropout(p=0.6, inplace=False)
  (head): Identity()
)
head: Linear(in_features=180, out_features=2, bias=True)
	in_features=180, out_features=2, bias=True
FLOPs: 1.72 GFLOPs
Parameters: 0.39 M
--------------------------------------------------------------------------------
2025-12-30 12:43:49,933 - frs - INFO - Outputs Information: 
--------------------------------------------------------------------------------
2025-12-30 12:43:50,949 - frs - INFO - loss_curve: ./outputs/DC_encoder/test_samples/trajectories/wheat_1_harvestor_25.xlsx
              precision    recall  f1-score   support

           0     0.8174    0.7839    0.8003      3688
           1     0.8717    0.8934    0.8824      6061

    accuracy                         0.8520      9749
   macro avg     0.8445    0.8387    0.8414      9749
weighted avg     0.8511    0.8520    0.8513      9749

2025-12-30 12:43:52,497 - frs - INFO - loss_curve: ./outputs/DC_encoder/test_samples/trajectories/wheat_1_harvestor_80.xlsx
              precision    recall  f1-score   support

           0     0.9268    0.9552    0.9408     13681
           1     0.8035    0.7084    0.7530      3539

    accuracy                         0.9045     17220
   macro avg     0.8652    0.8318    0.8469     17220
weighted avg     0.9015    0.9045    0.9022     17220

